2020-08-26 13:23:50.331  INFO 10708 --- [main] com.ezypay.task.TaskApplication          : Starting TaskApplication on PRAVAT with PID 10708 (D:\PravatPersonal\task\target\classes started by Pravat Kumar Pradhan in D:\PravatPersonal\task)
2020-08-26 13:23:50.338  INFO 10708 --- [main] com.ezypay.task.TaskApplication          : The following profiles are active: local
2020-08-26 13:23:50.511  INFO 10708 --- [main] ConfigServletWebServerApplicationContext : Refreshing org.springframework.boot.web.servlet.context.AnnotationConfigServletWebServerApplicationContext@7fd50002: startup date [Wed Aug 26 13:23:50 SGT 2020]; root of context hierarchy
2020-08-26 13:23:57.612  INFO 10708 --- [main] trationDelegate$BeanPostProcessorChecker : Bean 'org.springframework.transaction.annotation.ProxyTransactionManagementConfiguration' of type [org.springframework.transaction.annotation.ProxyTransactionManagementConfiguration$$EnhancerBySpringCGLIB$$b6241bf5] is not eligible for getting processed by all BeanPostProcessors (for example: not eligible for auto-proxying)
2020-08-26 13:24:00.552  INFO 10708 --- [main] o.s.b.w.embedded.tomcat.TomcatWebServer  : Tomcat initialized with port(s): 9008 (http)
2020-08-26 13:24:00.634  INFO 10708 --- [main] o.apache.catalina.core.StandardService   : Starting service [Tomcat]
2020-08-26 13:24:00.636  INFO 10708 --- [main] org.apache.catalina.core.StandardEngine  : Starting Servlet Engine: Apache Tomcat/8.5.34
2020-08-26 13:24:00.662  INFO 10708 --- [localhost-startStop-1] o.a.catalina.core.AprLifecycleListener   : The APR based Apache Tomcat Native library which allows optimal performance in production environments was not found on the java.library.path: [C:\Program Files\JetBrains\IntelliJ IDEA Community Edition 2019.3.2\jbr\bin;C:\WINDOWS\Sun\Java\bin;C:\WINDOWS\system32;C:\WINDOWS;C:\Program Files (x86)\Common Files\Intel\Shared Libraries\redist\intel64\compiler;C:\Program Files (x86)\Common Files\Oracle\Java\javapath;C:\WINDOWS\system32;C:\WINDOWS;C:\WINDOWS\System32\Wbem;C:\WINDOWS\System32\WindowsPowerShell\v1.0\;C:\WINDOWS\System32\OpenSSH\;C:\Program Files\Java\jdk1.8.0_201\bin;C:\Program Files\apache-maven-3.6.0\bin;C:\Program Files\TortoiseGit\bin;C:\Program Files\PuTTY\;C:\Users\Pravat Kumar Pradhan\AppData\Roaming\npm\node_modules\@angular\cli\bin;C:\Users\Pravat Kumar Pradhan\AppData\Roaming\npm\ng.cmd;D:\PravatPersonal\flutter\bin;C:\Program Files\nodejs\;C:\Program Files\Git\cmd;C:\Program Files\MySQL\MySQL Shell 8.0\bin\;C:\Users\Pravat Kumar Pradhan\AppData\Local\Programs\Microsoft VS Code\bin;C:\Users\Pravat Kumar Pradhan\AppData\Local\Microsoft\WindowsApps;C:\Users\Pravat Kumar Pradhan\AppData\Roaming\npm;.]
2020-08-26 13:24:01.121  INFO 10708 --- [localhost-startStop-1] o.a.c.c.C.[Tomcat].[localhost].[/]       : Initializing Spring embedded WebApplicationContext
2020-08-26 13:24:01.121  INFO 10708 --- [localhost-startStop-1] o.s.web.context.ContextLoader            : Root WebApplicationContext: initialization completed in 10610 ms
2020-08-26 13:24:03.613  INFO 10708 --- [localhost-startStop-1] o.s.b.w.servlet.FilterRegistrationBean   : Mapping filter: 'characterEncodingFilter' to: [/*]
2020-08-26 13:24:03.616  INFO 10708 --- [localhost-startStop-1] o.s.b.w.servlet.FilterRegistrationBean   : Mapping filter: 'webMvcMetricsFilter' to: [/*]
2020-08-26 13:24:03.618  INFO 10708 --- [localhost-startStop-1] o.s.b.w.servlet.FilterRegistrationBean   : Mapping filter: 'hiddenHttpMethodFilter' to: [/*]
2020-08-26 13:24:03.619  INFO 10708 --- [localhost-startStop-1] o.s.b.w.servlet.FilterRegistrationBean   : Mapping filter: 'httpPutFormContentFilter' to: [/*]
2020-08-26 13:24:03.620  INFO 10708 --- [localhost-startStop-1] o.s.b.w.servlet.FilterRegistrationBean   : Mapping filter: 'requestContextFilter' to: [/*]
2020-08-26 13:24:03.621  INFO 10708 --- [localhost-startStop-1] o.s.b.w.servlet.FilterRegistrationBean   : Mapping filter: 'httpTraceFilter' to: [/*]
2020-08-26 13:24:03.622  INFO 10708 --- [localhost-startStop-1] o.s.b.w.servlet.ServletRegistrationBean  : Servlet dispatcherServlet mapped to [/]
2020-08-26 13:24:03.989  INFO 10708 --- [main] com.zaxxer.hikari.HikariDataSource       : HikariPool-1 - Starting...
2020-08-26 13:24:04.475  INFO 10708 --- [main] com.zaxxer.hikari.HikariDataSource       : HikariPool-1 - Start completed.
2020-08-26 13:24:04.666  INFO 10708 --- [main] j.LocalContainerEntityManagerFactoryBean : Building JPA container EntityManagerFactory for persistence unit 'default'
2020-08-26 13:24:04.747  INFO 10708 --- [main] o.hibernate.jpa.internal.util.LogHelper  : HHH000204: Processing PersistenceUnitInfo [
	name: default
	...]
2020-08-26 13:24:05.119  INFO 10708 --- [main] org.hibernate.Version                    : HHH000412: Hibernate Core {5.2.17.Final}
2020-08-26 13:24:05.123  INFO 10708 --- [main] org.hibernate.cfg.Environment            : HHH000206: hibernate.properties not found
2020-08-26 13:24:05.186  WARN 10708 --- [main] ConfigServletWebServerApplicationContext : Exception encountered during context initialization - cancelling refresh attempt: org.springframework.beans.factory.BeanCreationException: Error creating bean with name 'entityManagerFactory' defined in class path resource [org/springframework/boot/autoconfigure/orm/jpa/HibernateJpaConfiguration.class]: Invocation of init method failed; nested exception is java.lang.NoClassDefFoundError: javax/xml/bind/JAXBException
2020-08-26 13:24:05.189  INFO 10708 --- [main] com.zaxxer.hikari.HikariDataSource       : HikariPool-1 - Shutdown initiated...
2020-08-26 13:24:05.277  INFO 10708 --- [main] com.zaxxer.hikari.HikariDataSource       : HikariPool-1 - Shutdown completed.
2020-08-26 13:24:05.287  INFO 10708 --- [main] o.apache.catalina.core.StandardService   : Stopping service [Tomcat]
2020-08-26 13:24:05.335  INFO 10708 --- [main] ConditionEvaluationReportLoggingListener : 

Error starting ApplicationContext. To display the conditions report re-run your application with 'debug' enabled.
2020-08-26 13:24:05.347 ERROR 10708 --- [main] o.s.boot.SpringApplication               : Application run failed

org.springframework.beans.factory.BeanCreationException: Error creating bean with name 'entityManagerFactory' defined in class path resource [org/springframework/boot/autoconfigure/orm/jpa/HibernateJpaConfiguration.class]: Invocation of init method failed; nested exception is java.lang.NoClassDefFoundError: javax/xml/bind/JAXBException
	at org.springframework.beans.factory.support.AbstractAutowireCapableBeanFactory.initializeBean(AbstractAutowireCapableBeanFactory.java:1694) ~[spring-beans-5.0.10.RELEASE.jar:5.0.10.RELEASE]
	at org.springframework.beans.factory.support.AbstractAutowireCapableBeanFactory.doCreateBean(AbstractAutowireCapableBeanFactory.java:573) ~[spring-beans-5.0.10.RELEASE.jar:5.0.10.RELEASE]
	at org.springframework.beans.factory.support.AbstractAutowireCapableBeanFactory.createBean(AbstractAutowireCapableBeanFactory.java:495) ~[spring-beans-5.0.10.RELEASE.jar:5.0.10.RELEASE]
	at org.springframework.beans.factory.support.AbstractBeanFactory.lambda$doGetBean$0(AbstractBeanFactory.java:317) ~[spring-beans-5.0.10.RELEASE.jar:5.0.10.RELEASE]
	at org.springframework.beans.factory.support.DefaultSingletonBeanRegistry.getSingleton(DefaultSingletonBeanRegistry.java:222) ~[spring-beans-5.0.10.RELEASE.jar:5.0.10.RELEASE]
	at org.springframework.beans.factory.support.AbstractBeanFactory.doGetBean(AbstractBeanFactory.java:315) ~[spring-beans-5.0.10.RELEASE.jar:5.0.10.RELEASE]
	at org.springframework.beans.factory.support.AbstractBeanFactory.getBean(AbstractBeanFactory.java:199) ~[spring-beans-5.0.10.RELEASE.jar:5.0.10.RELEASE]
	at org.springframework.context.support.AbstractApplicationContext.getBean(AbstractApplicationContext.java:1087) ~[spring-context-5.0.10.RELEASE.jar:5.0.10.RELEASE]
	at org.springframework.context.support.AbstractApplicationContext.finishBeanFactoryInitialization(AbstractApplicationContext.java:857) ~[spring-context-5.0.10.RELEASE.jar:5.0.10.RELEASE]
	at org.springframework.context.support.AbstractApplicationContext.refresh(AbstractApplicationContext.java:548) ~[spring-context-5.0.10.RELEASE.jar:5.0.10.RELEASE]
	at org.springframework.boot.web.servlet.context.ServletWebServerApplicationContext.refresh(ServletWebServerApplicationContext.java:140) ~[spring-boot-2.0.6.RELEASE.jar:2.0.6.RELEASE]
	at org.springframework.boot.SpringApplication.refresh(SpringApplication.java:754) ~[spring-boot-2.0.6.RELEASE.jar:2.0.6.RELEASE]
	at org.springframework.boot.SpringApplication.refreshContext(SpringApplication.java:386) ~[spring-boot-2.0.6.RELEASE.jar:2.0.6.RELEASE]
	at org.springframework.boot.SpringApplication.run(SpringApplication.java:307) ~[spring-boot-2.0.6.RELEASE.jar:2.0.6.RELEASE]
	at org.springframework.boot.SpringApplication.run(SpringApplication.java:1242) ~[spring-boot-2.0.6.RELEASE.jar:2.0.6.RELEASE]
	at org.springframework.boot.SpringApplication.run(SpringApplication.java:1230) ~[spring-boot-2.0.6.RELEASE.jar:2.0.6.RELEASE]
	at com.ezypay.task.TaskApplication.main(TaskApplication.java:10) ~[classes/:na]
Caused by: java.lang.NoClassDefFoundError: javax/xml/bind/JAXBException
	at org.hibernate.boot.spi.XmlMappingBinderAccess.<init>(XmlMappingBinderAccess.java:43) ~[hibernate-core-5.2.17.Final.jar:5.2.17.Final]
	at org.hibernate.boot.MetadataSources.<init>(MetadataSources.java:87) ~[hibernate-core-5.2.17.Final.jar:5.2.17.Final]
	at org.hibernate.jpa.boot.internal.EntityManagerFactoryBuilderImpl.<init>(EntityManagerFactoryBuilderImpl.java:209) ~[hibernate-core-5.2.17.Final.jar:5.2.17.Final]
	at org.hibernate.jpa.boot.internal.EntityManagerFactoryBuilderImpl.<init>(EntityManagerFactoryBuilderImpl.java:164) ~[hibernate-core-5.2.17.Final.jar:5.2.17.Final]
	at org.springframework.orm.jpa.vendor.SpringHibernateJpaPersistenceProvider.createContainerEntityManagerFactory(SpringHibernateJpaPersistenceProvider.java:51) ~[spring-orm-5.0.10.RELEASE.jar:5.0.10.RELEASE]
	at org.springframework.orm.jpa.LocalContainerEntityManagerFactoryBean.createNativeEntityManagerFactory(LocalContainerEntityManagerFactoryBean.java:365) ~[spring-orm-5.0.10.RELEASE.jar:5.0.10.RELEASE]
	at org.springframework.orm.jpa.AbstractEntityManagerFactoryBean.buildNativeEntityManagerFactory(AbstractEntityManagerFactoryBean.java:390) ~[spring-orm-5.0.10.RELEASE.jar:5.0.10.RELEASE]
	at org.springframework.orm.jpa.AbstractEntityManagerFactoryBean.afterPropertiesSet(AbstractEntityManagerFactoryBean.java:377) ~[spring-orm-5.0.10.RELEASE.jar:5.0.10.RELEASE]
	at org.springframework.orm.jpa.LocalContainerEntityManagerFactoryBean.afterPropertiesSet(LocalContainerEntityManagerFactoryBean.java:341) ~[spring-orm-5.0.10.RELEASE.jar:5.0.10.RELEASE]
	at org.springframework.beans.factory.support.AbstractAutowireCapableBeanFactory.invokeInitMethods(AbstractAutowireCapableBeanFactory.java:1753) ~[spring-beans-5.0.10.RELEASE.jar:5.0.10.RELEASE]
	at org.springframework.beans.factory.support.AbstractAutowireCapableBeanFactory.initializeBean(AbstractAutowireCapableBeanFactory.java:1690) ~[spring-beans-5.0.10.RELEASE.jar:5.0.10.RELEASE]
	... 16 common frames omitted
Caused by: java.lang.ClassNotFoundException: javax.xml.bind.JAXBException
	at java.base/jdk.internal.loader.BuiltinClassLoader.loadClass(BuiltinClassLoader.java:581) ~[na:na]
	at java.base/jdk.internal.loader.ClassLoaders$AppClassLoader.loadClass(ClassLoaders.java:178) ~[na:na]
	at java.base/java.lang.ClassLoader.loadClass(ClassLoader.java:521) ~[na:na]
	... 27 common frames omitted

2020-08-26 13:24:54.343  INFO 6852 --- [main] com.ezypay.task.TaskApplication          : Starting TaskApplication on PRAVAT with PID 6852 (D:\PravatPersonal\task\target\classes started by Pravat Kumar Pradhan in D:\PravatPersonal\task)
2020-08-26 13:24:54.354  INFO 6852 --- [main] com.ezypay.task.TaskApplication          : The following profiles are active: local
2020-08-26 13:24:54.520  INFO 6852 --- [main] ConfigServletWebServerApplicationContext : Refreshing org.springframework.boot.web.servlet.context.AnnotationConfigServletWebServerApplicationContext@1283bb96: startup date [Wed Aug 26 13:24:54 SGT 2020]; root of context hierarchy
2020-08-26 13:25:01.534  INFO 6852 --- [main] trationDelegate$BeanPostProcessorChecker : Bean 'org.springframework.transaction.annotation.ProxyTransactionManagementConfiguration' of type [org.springframework.transaction.annotation.ProxyTransactionManagementConfiguration$$EnhancerBySpringCGLIB$$d916b548] is not eligible for getting processed by all BeanPostProcessors (for example: not eligible for auto-proxying)
2020-08-26 13:25:03.870  INFO 6852 --- [main] o.s.b.w.embedded.tomcat.TomcatWebServer  : Tomcat initialized with port(s): 9008 (http)
2020-08-26 13:25:04.126  INFO 6852 --- [main] o.apache.catalina.core.StandardService   : Starting service [Tomcat]
2020-08-26 13:25:04.127  INFO 6852 --- [main] org.apache.catalina.core.StandardEngine  : Starting Servlet Engine: Apache Tomcat/8.5.34
2020-08-26 13:25:04.157  INFO 6852 --- [localhost-startStop-1] o.a.catalina.core.AprLifecycleListener   : The APR based Apache Tomcat Native library which allows optimal performance in production environments was not found on the java.library.path: [C:\Program Files\Java\jdk1.8.0_201\bin;C:\WINDOWS\Sun\Java\bin;C:\WINDOWS\system32;C:\WINDOWS;C:\Program Files (x86)\Common Files\Intel\Shared Libraries\redist\intel64\compiler;C:\Program Files (x86)\Common Files\Oracle\Java\javapath;C:\WINDOWS\system32;C:\WINDOWS;C:\WINDOWS\System32\Wbem;C:\WINDOWS\System32\WindowsPowerShell\v1.0\;C:\WINDOWS\System32\OpenSSH\;C:\Program Files\Java\jdk1.8.0_201\bin;C:\Program Files\apache-maven-3.6.0\bin;C:\Program Files\TortoiseGit\bin;C:\Program Files\PuTTY\;C:\Users\Pravat Kumar Pradhan\AppData\Roaming\npm\node_modules\@angular\cli\bin;C:\Users\Pravat Kumar Pradhan\AppData\Roaming\npm\ng.cmd;D:\PravatPersonal\flutter\bin;C:\Program Files\nodejs\;C:\Program Files\Git\cmd;C:\Program Files\MySQL\MySQL Shell 8.0\bin\;C:\Users\Pravat Kumar Pradhan\AppData\Local\Programs\Microsoft VS Code\bin;C:\Users\Pravat Kumar Pradhan\AppData\Local\Microsoft\WindowsApps;C:\Users\Pravat Kumar Pradhan\AppData\Roaming\npm;.]
2020-08-26 13:25:04.572  INFO 6852 --- [localhost-startStop-1] o.a.c.c.C.[Tomcat].[localhost].[/]       : Initializing Spring embedded WebApplicationContext
2020-08-26 13:25:04.573  INFO 6852 --- [localhost-startStop-1] o.s.web.context.ContextLoader            : Root WebApplicationContext: initialization completed in 10054 ms
2020-08-26 13:25:07.022  INFO 6852 --- [localhost-startStop-1] o.s.b.w.servlet.FilterRegistrationBean   : Mapping filter: 'characterEncodingFilter' to: [/*]
2020-08-26 13:25:07.023  INFO 6852 --- [localhost-startStop-1] o.s.b.w.servlet.FilterRegistrationBean   : Mapping filter: 'webMvcMetricsFilter' to: [/*]
2020-08-26 13:25:07.024  INFO 6852 --- [localhost-startStop-1] o.s.b.w.servlet.FilterRegistrationBean   : Mapping filter: 'hiddenHttpMethodFilter' to: [/*]
2020-08-26 13:25:07.025  INFO 6852 --- [localhost-startStop-1] o.s.b.w.servlet.FilterRegistrationBean   : Mapping filter: 'httpPutFormContentFilter' to: [/*]
2020-08-26 13:25:07.025  INFO 6852 --- [localhost-startStop-1] o.s.b.w.servlet.FilterRegistrationBean   : Mapping filter: 'requestContextFilter' to: [/*]
2020-08-26 13:25:07.026  INFO 6852 --- [localhost-startStop-1] o.s.b.w.servlet.FilterRegistrationBean   : Mapping filter: 'httpTraceFilter' to: [/*]
2020-08-26 13:25:07.027  INFO 6852 --- [localhost-startStop-1] o.s.b.w.servlet.ServletRegistrationBean  : Servlet dispatcherServlet mapped to [/]
2020-08-26 13:25:07.339  INFO 6852 --- [main] com.zaxxer.hikari.HikariDataSource       : HikariPool-1 - Starting...
2020-08-26 13:25:07.875  INFO 6852 --- [main] com.zaxxer.hikari.HikariDataSource       : HikariPool-1 - Start completed.
2020-08-26 13:25:08.054  INFO 6852 --- [main] j.LocalContainerEntityManagerFactoryBean : Building JPA container EntityManagerFactory for persistence unit 'default'
2020-08-26 13:25:08.132  INFO 6852 --- [main] o.hibernate.jpa.internal.util.LogHelper  : HHH000204: Processing PersistenceUnitInfo [
	name: default
	...]
2020-08-26 13:25:08.462  INFO 6852 --- [main] org.hibernate.Version                    : HHH000412: Hibernate Core {5.2.17.Final}
2020-08-26 13:25:08.468  INFO 6852 --- [main] org.hibernate.cfg.Environment            : HHH000206: hibernate.properties not found
2020-08-26 13:25:08.637  INFO 6852 --- [main] o.hibernate.annotations.common.Version   : HCANN000001: Hibernate Commons Annotations {5.0.1.Final}
2020-08-26 13:25:09.283  INFO 6852 --- [main] org.hibernate.dialect.Dialect            : HHH000400: Using dialect: org.hibernate.dialect.PostgreSQL95Dialect
2020-08-26 13:25:09.340  INFO 6852 --- [main] o.h.e.j.e.i.LobCreatorBuilderImpl        : HHH000422: Disabling contextual LOB creation as connection was null
2020-08-26 13:25:09.345  INFO 6852 --- [main] org.hibernate.type.BasicTypeRegistry     : HHH000270: Type registration [java.util.UUID] overrides previous : org.hibernate.type.UUIDBinaryType@480ad82c
2020-08-26 13:25:10.869  INFO 6852 --- [main] j.LocalContainerEntityManagerFactoryBean : Initialized JPA EntityManagerFactory for persistence unit 'default'
2020-08-26 13:25:11.087  INFO 6852 --- [main] o.s.w.s.handler.SimpleUrlHandlerMapping  : Mapped URL path [/**/favicon.ico] onto handler of type [class org.springframework.web.servlet.resource.ResourceHttpRequestHandler]
2020-08-26 13:25:12.436  INFO 6852 --- [main] s.w.s.m.m.a.RequestMappingHandlerAdapter : Looking for @ControllerAdvice: org.springframework.boot.web.servlet.context.AnnotationConfigServletWebServerApplicationContext@1283bb96: startup date [Wed Aug 26 13:24:54 SGT 2020]; root of context hierarchy
2020-08-26 13:25:12.556  WARN 6852 --- [main] aWebConfiguration$JpaWebMvcConfiguration : spring.jpa.open-in-view is enabled by default. Therefore, database queries may be performed during view rendering. Explicitly configure spring.jpa.open-in-view to disable this warning
2020-08-26 13:25:12.659  INFO 6852 --- [main] s.w.s.m.m.a.RequestMappingHandlerMapping : Mapped "{[/error]}" onto public org.springframework.http.ResponseEntity<java.util.Map<java.lang.String, java.lang.Object>> org.springframework.boot.autoconfigure.web.servlet.error.BasicErrorController.error(javax.servlet.http.HttpServletRequest)
2020-08-26 13:25:12.662  INFO 6852 --- [main] s.w.s.m.m.a.RequestMappingHandlerMapping : Mapped "{[/error],produces=[text/html]}" onto public org.springframework.web.servlet.ModelAndView org.springframework.boot.autoconfigure.web.servlet.error.BasicErrorController.errorHtml(javax.servlet.http.HttpServletRequest,javax.servlet.http.HttpServletResponse)
2020-08-26 13:25:12.760  INFO 6852 --- [main] o.s.w.s.handler.SimpleUrlHandlerMapping  : Mapped URL path [/webjars/**] onto handler of type [class org.springframework.web.servlet.resource.ResourceHttpRequestHandler]
2020-08-26 13:25:12.761  INFO 6852 --- [main] o.s.w.s.handler.SimpleUrlHandlerMapping  : Mapped URL path [/**] onto handler of type [class org.springframework.web.servlet.resource.ResourceHttpRequestHandler]
2020-08-26 13:25:13.842  INFO 6852 --- [main] o.s.b.a.e.web.EndpointLinksResolver      : Exposing 2 endpoint(s) beneath base path '/actuator'
2020-08-26 13:25:13.867  INFO 6852 --- [main] s.b.a.e.w.s.WebMvcEndpointHandlerMapping : Mapped "{[/actuator/health],methods=[GET],produces=[application/vnd.spring-boot.actuator.v2+json || application/json]}" onto public java.lang.Object org.springframework.boot.actuate.endpoint.web.servlet.AbstractWebMvcEndpointHandlerMapping$OperationHandler.handle(javax.servlet.http.HttpServletRequest,java.util.Map<java.lang.String, java.lang.String>)
2020-08-26 13:25:13.870  INFO 6852 --- [main] s.b.a.e.w.s.WebMvcEndpointHandlerMapping : Mapped "{[/actuator/info],methods=[GET],produces=[application/vnd.spring-boot.actuator.v2+json || application/json]}" onto public java.lang.Object org.springframework.boot.actuate.endpoint.web.servlet.AbstractWebMvcEndpointHandlerMapping$OperationHandler.handle(javax.servlet.http.HttpServletRequest,java.util.Map<java.lang.String, java.lang.String>)
2020-08-26 13:25:13.871  INFO 6852 --- [main] s.b.a.e.w.s.WebMvcEndpointHandlerMapping : Mapped "{[/actuator],methods=[GET],produces=[application/vnd.spring-boot.actuator.v2+json || application/json]}" onto protected java.util.Map<java.lang.String, java.util.Map<java.lang.String, org.springframework.boot.actuate.endpoint.web.Link>> org.springframework.boot.actuate.endpoint.web.servlet.WebMvcEndpointHandlerMapping.links(javax.servlet.http.HttpServletRequest,javax.servlet.http.HttpServletResponse)
2020-08-26 13:25:14.003  INFO 6852 --- [main] o.s.j.e.a.AnnotationMBeanExporter        : Registering beans for JMX exposure on startup
2020-08-26 13:25:14.008  INFO 6852 --- [main] o.s.j.e.a.AnnotationMBeanExporter        : Bean with name 'dataSource' has been autodetected for JMX exposure
2020-08-26 13:25:14.025  INFO 6852 --- [main] o.s.j.e.a.AnnotationMBeanExporter        : Located MBean 'dataSource': registering with JMX server as MBean [com.zaxxer.hikari:name=dataSource,type=HikariDataSource]
2020-08-26 13:25:14.151  INFO 6852 --- [main] o.s.b.w.embedded.tomcat.TomcatWebServer  : Tomcat started on port(s): 9008 (http) with context path ''
2020-08-26 13:25:14.160  INFO 6852 --- [main] com.ezypay.task.TaskApplication          : Started TaskApplication in 21.358 seconds (JVM running for 23.056)
2020-08-26 13:26:11.055  INFO 2448 --- [main] com.ezypay.task.TaskApplication          : Starting TaskApplication on PRAVAT with PID 2448 (D:\PravatPersonal\task\target\classes started by Pravat Kumar Pradhan in D:\PravatPersonal\task)
2020-08-26 13:26:11.066  INFO 2448 --- [main] com.ezypay.task.TaskApplication          : The following profiles are active: local
2020-08-26 13:26:11.423  INFO 2448 --- [main] ConfigServletWebServerApplicationContext : Refreshing org.springframework.boot.web.servlet.context.AnnotationConfigServletWebServerApplicationContext@42a48628: startup date [Wed Aug 26 13:26:11 SGT 2020]; root of context hierarchy
2020-08-26 13:26:19.097  INFO 2448 --- [main] trationDelegate$BeanPostProcessorChecker : Bean 'org.springframework.transaction.annotation.ProxyTransactionManagementConfiguration' of type [org.springframework.transaction.annotation.ProxyTransactionManagementConfiguration$$EnhancerBySpringCGLIB$$d9b57744] is not eligible for getting processed by all BeanPostProcessors (for example: not eligible for auto-proxying)
2020-08-26 13:26:21.205  INFO 2448 --- [main] o.s.b.w.embedded.tomcat.TomcatWebServer  : Tomcat initialized with port(s): 9008 (http)
2020-08-26 13:26:21.264  INFO 2448 --- [main] o.apache.catalina.core.StandardService   : Starting service [Tomcat]
2020-08-26 13:26:21.265  INFO 2448 --- [main] org.apache.catalina.core.StandardEngine  : Starting Servlet Engine: Apache Tomcat/8.5.34
2020-08-26 13:26:21.476  INFO 2448 --- [localhost-startStop-1] o.a.catalina.core.AprLifecycleListener   : The APR based Apache Tomcat Native library which allows optimal performance in production environments was not found on the java.library.path: [C:\Program Files\Java\jdk1.8.0_201\bin;C:\WINDOWS\Sun\Java\bin;C:\WINDOWS\system32;C:\WINDOWS;C:\Program Files (x86)\Common Files\Intel\Shared Libraries\redist\intel64\compiler;C:\Program Files (x86)\Common Files\Oracle\Java\javapath;C:\WINDOWS\system32;C:\WINDOWS;C:\WINDOWS\System32\Wbem;C:\WINDOWS\System32\WindowsPowerShell\v1.0\;C:\WINDOWS\System32\OpenSSH\;C:\Program Files\Java\jdk1.8.0_201\bin;C:\Program Files\apache-maven-3.6.0\bin;C:\Program Files\TortoiseGit\bin;C:\Program Files\PuTTY\;C:\Users\Pravat Kumar Pradhan\AppData\Roaming\npm\node_modules\@angular\cli\bin;C:\Users\Pravat Kumar Pradhan\AppData\Roaming\npm\ng.cmd;D:\PravatPersonal\flutter\bin;C:\Program Files\nodejs\;C:\Program Files\Git\cmd;C:\Program Files\MySQL\MySQL Shell 8.0\bin\;C:\Users\Pravat Kumar Pradhan\AppData\Local\Programs\Microsoft VS Code\bin;C:\Users\Pravat Kumar Pradhan\AppData\Local\Microsoft\WindowsApps;C:\Users\Pravat Kumar Pradhan\AppData\Roaming\npm;.]
2020-08-26 13:26:21.842  INFO 2448 --- [localhost-startStop-1] o.a.c.c.C.[Tomcat].[localhost].[/]       : Initializing Spring embedded WebApplicationContext
2020-08-26 13:26:21.843  INFO 2448 --- [localhost-startStop-1] o.s.web.context.ContextLoader            : Root WebApplicationContext: initialization completed in 10420 ms
2020-08-26 13:26:23.676  INFO 2448 --- [localhost-startStop-1] o.s.b.w.servlet.FilterRegistrationBean   : Mapping filter: 'characterEncodingFilter' to: [/*]
2020-08-26 13:26:23.678  INFO 2448 --- [localhost-startStop-1] o.s.b.w.servlet.FilterRegistrationBean   : Mapping filter: 'webMvcMetricsFilter' to: [/*]
2020-08-26 13:26:23.678  INFO 2448 --- [localhost-startStop-1] o.s.b.w.servlet.FilterRegistrationBean   : Mapping filter: 'hiddenHttpMethodFilter' to: [/*]
2020-08-26 13:26:23.679  INFO 2448 --- [localhost-startStop-1] o.s.b.w.servlet.FilterRegistrationBean   : Mapping filter: 'httpPutFormContentFilter' to: [/*]
2020-08-26 13:26:23.681  INFO 2448 --- [localhost-startStop-1] o.s.b.w.servlet.FilterRegistrationBean   : Mapping filter: 'requestContextFilter' to: [/*]
2020-08-26 13:26:23.682  INFO 2448 --- [localhost-startStop-1] o.s.b.w.servlet.FilterRegistrationBean   : Mapping filter: 'httpTraceFilter' to: [/*]
2020-08-26 13:26:23.683  INFO 2448 --- [localhost-startStop-1] o.s.b.w.servlet.ServletRegistrationBean  : Servlet dispatcherServlet mapped to [/]
2020-08-26 13:26:23.951  INFO 2448 --- [main] com.zaxxer.hikari.HikariDataSource       : HikariPool-1 - Starting...
2020-08-26 13:26:24.308  INFO 2448 --- [main] com.zaxxer.hikari.HikariDataSource       : HikariPool-1 - Start completed.
2020-08-26 13:26:24.443  INFO 2448 --- [main] j.LocalContainerEntityManagerFactoryBean : Building JPA container EntityManagerFactory for persistence unit 'default'
2020-08-26 13:26:24.505  INFO 2448 --- [main] o.hibernate.jpa.internal.util.LogHelper  : HHH000204: Processing PersistenceUnitInfo [
	name: default
	...]
2020-08-26 13:26:24.829  INFO 2448 --- [main] org.hibernate.Version                    : HHH000412: Hibernate Core {5.2.17.Final}
2020-08-26 13:26:24.836  INFO 2448 --- [main] org.hibernate.cfg.Environment            : HHH000206: hibernate.properties not found
2020-08-26 13:26:25.017  INFO 2448 --- [main] o.hibernate.annotations.common.Version   : HCANN000001: Hibernate Commons Annotations {5.0.1.Final}
2020-08-26 13:26:25.555  INFO 2448 --- [main] org.hibernate.dialect.Dialect            : HHH000400: Using dialect: org.hibernate.dialect.PostgreSQL95Dialect
2020-08-26 13:26:25.617  INFO 2448 --- [main] o.h.e.j.e.i.LobCreatorBuilderImpl        : HHH000422: Disabling contextual LOB creation as connection was null
2020-08-26 13:26:25.621  INFO 2448 --- [main] org.hibernate.type.BasicTypeRegistry     : HHH000270: Type registration [java.util.UUID] overrides previous : org.hibernate.type.UUIDBinaryType@4bc33720
2020-08-26 13:26:27.259  INFO 2448 --- [main] j.LocalContainerEntityManagerFactoryBean : Initialized JPA EntityManagerFactory for persistence unit 'default'
2020-08-26 13:26:27.499  INFO 2448 --- [main] o.s.w.s.handler.SimpleUrlHandlerMapping  : Mapped URL path [/**/favicon.ico] onto handler of type [class org.springframework.web.servlet.resource.ResourceHttpRequestHandler]
2020-08-26 13:26:28.904  INFO 2448 --- [main] s.w.s.m.m.a.RequestMappingHandlerAdapter : Looking for @ControllerAdvice: org.springframework.boot.web.servlet.context.AnnotationConfigServletWebServerApplicationContext@42a48628: startup date [Wed Aug 26 13:26:11 SGT 2020]; root of context hierarchy
2020-08-26 13:26:29.024  WARN 2448 --- [main] aWebConfiguration$JpaWebMvcConfiguration : spring.jpa.open-in-view is enabled by default. Therefore, database queries may be performed during view rendering. Explicitly configure spring.jpa.open-in-view to disable this warning
2020-08-26 13:26:29.124  INFO 2448 --- [main] s.w.s.m.m.a.RequestMappingHandlerMapping : Mapped "{[/error]}" onto public org.springframework.http.ResponseEntity<java.util.Map<java.lang.String, java.lang.Object>> org.springframework.boot.autoconfigure.web.servlet.error.BasicErrorController.error(javax.servlet.http.HttpServletRequest)
2020-08-26 13:26:29.127  INFO 2448 --- [main] s.w.s.m.m.a.RequestMappingHandlerMapping : Mapped "{[/error],produces=[text/html]}" onto public org.springframework.web.servlet.ModelAndView org.springframework.boot.autoconfigure.web.servlet.error.BasicErrorController.errorHtml(javax.servlet.http.HttpServletRequest,javax.servlet.http.HttpServletResponse)
2020-08-26 13:26:29.221  INFO 2448 --- [main] o.s.w.s.handler.SimpleUrlHandlerMapping  : Mapped URL path [/webjars/**] onto handler of type [class org.springframework.web.servlet.resource.ResourceHttpRequestHandler]
2020-08-26 13:26:29.222  INFO 2448 --- [main] o.s.w.s.handler.SimpleUrlHandlerMapping  : Mapped URL path [/**] onto handler of type [class org.springframework.web.servlet.resource.ResourceHttpRequestHandler]
2020-08-26 13:26:30.284  INFO 2448 --- [main] o.s.b.a.e.web.EndpointLinksResolver      : Exposing 2 endpoint(s) beneath base path '/actuator'
2020-08-26 13:26:30.315  INFO 2448 --- [main] s.b.a.e.w.s.WebMvcEndpointHandlerMapping : Mapped "{[/actuator/health],methods=[GET],produces=[application/vnd.spring-boot.actuator.v2+json || application/json]}" onto public java.lang.Object org.springframework.boot.actuate.endpoint.web.servlet.AbstractWebMvcEndpointHandlerMapping$OperationHandler.handle(javax.servlet.http.HttpServletRequest,java.util.Map<java.lang.String, java.lang.String>)
2020-08-26 13:26:30.317  INFO 2448 --- [main] s.b.a.e.w.s.WebMvcEndpointHandlerMapping : Mapped "{[/actuator/info],methods=[GET],produces=[application/vnd.spring-boot.actuator.v2+json || application/json]}" onto public java.lang.Object org.springframework.boot.actuate.endpoint.web.servlet.AbstractWebMvcEndpointHandlerMapping$OperationHandler.handle(javax.servlet.http.HttpServletRequest,java.util.Map<java.lang.String, java.lang.String>)
2020-08-26 13:26:30.319  INFO 2448 --- [main] s.b.a.e.w.s.WebMvcEndpointHandlerMapping : Mapped "{[/actuator],methods=[GET],produces=[application/vnd.spring-boot.actuator.v2+json || application/json]}" onto protected java.util.Map<java.lang.String, java.util.Map<java.lang.String, org.springframework.boot.actuate.endpoint.web.Link>> org.springframework.boot.actuate.endpoint.web.servlet.WebMvcEndpointHandlerMapping.links(javax.servlet.http.HttpServletRequest,javax.servlet.http.HttpServletResponse)
2020-08-26 13:26:30.470  INFO 2448 --- [main] o.s.j.e.a.AnnotationMBeanExporter        : Registering beans for JMX exposure on startup
2020-08-26 13:26:30.473  INFO 2448 --- [main] o.s.j.e.a.AnnotationMBeanExporter        : Bean with name 'dataSource' has been autodetected for JMX exposure
2020-08-26 13:26:30.486  INFO 2448 --- [main] o.s.j.e.a.AnnotationMBeanExporter        : Located MBean 'dataSource': registering with JMX server as MBean [com.zaxxer.hikari:name=dataSource,type=HikariDataSource]
2020-08-26 13:26:30.596  INFO 2448 --- [main] o.s.b.w.embedded.tomcat.TomcatWebServer  : Tomcat started on port(s): 9008 (http) with context path ''
2020-08-26 13:26:30.605  INFO 2448 --- [main] com.ezypay.task.TaskApplication          : Started TaskApplication in 21.391 seconds (JVM running for 23.432)
